WARNING:root:3
WARNING:root:2
WARNING:root:5
WARNING:root:3
WARNING:root:5
WARNING:root:4
WARNING:root:3
WARNING:root:2
WARNING:root:1
WARNING:root:7
WARNING:root:9
WARNING:root:8
WARNING:root:3
WARNING:root:2
WARNING:root:1
WARNING:root:вы выиграли!
WARNING:root:3
WARNING:root:6
WARNING:root:2
WARNING:root:1
WARNING:root:вы выиграли!
WARNING:root:количество попыток пользователя: 
WARNING:root:Введено не число, попробуйте снова
WARNING:root:3
WARNING:root:максимальное число, которое может загадать компьютер: 
WARNING:root:число должно быть больше 1
WARNING:root:5
WARNING:root:1
WARNING:root:3
WARNING:root:загаданное число меньше
WARNING:root:2
WARNING:root:загаданное число меньше
WARNING:root:1
WARNING:root:вы выиграли!
WARNING:root:количество попыток пользователя: 
WARNING:root:3
WARNING:root:максимальное число, которое может загадать компьютер: 
WARNING:root:5
WARNING:root:количество попыток пользователя: 
WARNING:root:3
WARNING:root:максимальное число, которое может загадать компьютер: 
WARNING:root:5
WARNING:root:количество попыток пользователя: 
WARNING:root:3
WARNING:root:максимальное число, которое может загадать компьютер: 
WARNING:root:Введено не число, попробуйте снова
WARNING:root:3
WARNING:root:5
WARNING:root:загаданное число меньше
WARNING:root:3
WARNING:root:загаданное число меньше
WARNING:root:число должно быть больше 1
WARNING:root:2
WARNING:root:загаданное число меньше
WARNING:root:попытки закончились
WARNING:root:количество попыток пользователя: 
WARNING:root:количество попыток пользователя: 
WARNING:root:5
WARNING:root:максимальное число, которое может загадать компьютер: 
WARNING:root:2
WARNING:root:Введено не число, попробуйте снова
WARNING:root:3
WARNING:root:загаданное число меньше
WARNING:root:2
WARNING:root:вы выиграли!
WARNING:root:1
WARNING:root:загаданное число больше
WARNING:root:4
WARNING:root:загаданное число меньше
WARNING:root:2
WARNING:root:вы выиграли!
WARNING:root:количество попыток пользователя: 
WARNING:root:1
WARNING:root:максимальное число, которое может загадать компьютер: 
WARNING:root:4
WARNING:root:2
WARNING:root:загаданное число меньше
WARNING:root:попытки закончились
WARNING:root:количество попыток пользователя: 
WARNING:root:1
WARNING:root:максимальное число, которое может загадать компьютер: 
WARNING:root:5
WARNING:root:5
WARNING:root:количество попыток пользователя: 
WARNING:root:3
WARNING:root:максимальное число, которое может загадать компьютер: 
WARNING:root:6
WARNING:root:2
WARNING:root:количество попыток пользователя: 
WARNING:root:1
WARNING:root:максимальное число, которое может загадать компьютер: 
WARNING:root:2
WARNING:root:количество попыток пользователя: 
WARNING:root:3
WARNING:root:максимальное число, которое может загадать компьютер: 
WARNING:root:6
WARNING:root:загаданное число:
WARNING:root:2
WARNING:root:4
WARNING:root:загаданное число меньше
WARNING:root:2
WARNING:root:вы выиграли!
